<?xml version="1.0" encoding="UTF-8"?>
<testsuite xmlns:xsi="http://www.w3.org/2001/XMLSchema-instance" xsi:noNamespaceSchemaLocation="https://maven.apache.org/surefire/maven-surefire-plugin/xsd/surefire-test-report.xsd" name="learn.hl.demo.DemoApplicationTests" time="9.293" tests="1" errors="0" skipped="0" failures="0">
  <properties>
    <property name="sun.desktop" value="windows"/>
    <property name="awt.toolkit" value="sun.awt.windows.WToolkit"/>
    <property name="file.encoding.pkg" value="sun.io"/>
    <property name="java.specification.version" value="1.8"/>
    <property name="sun.cpu.isalist" value="amd64"/>
    <property name="sun.jnu.encoding" value="Cp1252"/>
    <property name="java.class.path" value="C:\dev\IdeaProjects\demo\target\test-classes;C:\dev\IdeaProjects\demo\target\classes;C:\Users\jjaganathan\.m2\repository\org\hyperledger\fabric\fabric-gateway-java\1.4.1\fabric-gateway-java-1.4.1.jar;C:\Users\jjaganathan\.m2\repository\org\hyperledger\fabric-sdk-java\fabric-sdk-java\1.4.6\fabric-sdk-java-1.4.6.jar;C:\Users\jjaganathan\.m2\repository\io\grpc\grpc-netty\1.23.0\grpc-netty-1.23.0.jar;C:\Users\jjaganathan\.m2\repository\io\grpc\grpc-core\1.23.0\grpc-core-1.23.0.jar;C:\Users\jjaganathan\.m2\repository\com\google\android\annotations\4.1.1.4\annotations-4.1.1.4.jar;C:\Users\jjaganathan\.m2\repository\io\perfmark\perfmark-api\0.17.0\perfmark-api-0.17.0.jar;C:\Users\jjaganathan\.m2\repository\io\opencensus\opencensus-api\0.21.0\opencensus-api-0.21.0.jar;C:\Users\jjaganathan\.m2\repository\io\opencensus\opencensus-contrib-grpc-metrics\0.21.0\opencensus-contrib-grpc-metrics-0.21.0.jar;C:\Users\jjaganathan\.m2\repository\io\netty\netty-handler-proxy\4.1.49.Final\netty-handler-proxy-4.1.49.Final.jar;C:\Users\jjaganathan\.m2\repository\io\netty\netty-codec-socks\4.1.49.Final\netty-codec-socks-4.1.49.Final.jar;C:\Users\jjaganathan\.m2\repository\io\grpc\grpc-protobuf\1.23.0\grpc-protobuf-1.23.0.jar;C:\Users\jjaganathan\.m2\repository\io\grpc\grpc-api\1.23.0\grpc-api-1.23.0.jar;C:\Users\jjaganathan\.m2\repository\io\grpc\grpc-context\1.23.0\grpc-context-1.23.0.jar;C:\Users\jjaganathan\.m2\repository\com\google\code\findbugs\jsr305\3.0.2\jsr305-3.0.2.jar;C:\Users\jjaganathan\.m2\repository\org\codehaus\mojo\animal-sniffer-annotations\1.17\animal-sniffer-annotations-1.17.jar;C:\Users\jjaganathan\.m2\repository\com\google\guava\guava\26.0-android\guava-26.0-android.jar;C:\Users\jjaganathan\.m2\repository\org\checkerframework\checker-compat-qual\2.5.2\checker-compat-qual-2.5.2.jar;C:\Users\jjaganathan\.m2\repository\com\google\j2objc\j2objc-annotations\1.1\j2objc-annotations-1.1.jar;C:\Users\jjaganathan\.m2\repository\com\google\api\grpc\proto-google-common-protos\1.12.0\proto-google-common-protos-1.12.0.jar;C:\Users\jjaganathan\.m2\repository\io\grpc\grpc-protobuf-lite\1.23.0\grpc-protobuf-lite-1.23.0.jar;C:\Users\jjaganathan\.m2\repository\io\grpc\grpc-stub\1.23.0\grpc-stub-1.23.0.jar;C:\Users\jjaganathan\.m2\repository\io\netty\netty-tcnative-boringssl-static\2.0.30.Final\netty-tcnative-boringssl-static-2.0.30.Final.jar;C:\Users\jjaganathan\.m2\repository\io\netty\netty-codec-http2\4.1.49.Final\netty-codec-http2-4.1.49.Final.jar;C:\Users\jjaganathan\.m2\repository\io\netty\netty-common\4.1.49.Final\netty-common-4.1.49.Final.jar;C:\Users\jjaganathan\.m2\repository\io\netty\netty-buffer\4.1.49.Final\netty-buffer-4.1.49.Final.jar;C:\Users\jjaganathan\.m2\repository\io\netty\netty-transport\4.1.49.Final\netty-transport-4.1.49.Final.jar;C:\Users\jjaganathan\.m2\repository\io\netty\netty-resolver\4.1.49.Final\netty-resolver-4.1.49.Final.jar;C:\Users\jjaganathan\.m2\repository\io\netty\netty-codec\4.1.49.Final\netty-codec-4.1.49.Final.jar;C:\Users\jjaganathan\.m2\repository\io\netty\netty-handler\4.1.49.Final\netty-handler-4.1.49.Final.jar;C:\Users\jjaganathan\.m2\repository\io\netty\netty-codec-http\4.1.49.Final\netty-codec-http-4.1.49.Final.jar;C:\Users\jjaganathan\.m2\repository\com\google\protobuf\protobuf-java\3.10.0\protobuf-java-3.10.0.jar;C:\Users\jjaganathan\.m2\repository\com\google\protobuf\protobuf-java-util\3.10.0\protobuf-java-util-3.10.0.jar;C:\Users\jjaganathan\.m2\repository\com\google\errorprone\error_prone_annotations\2.3.2\error_prone_annotations-2.3.2.jar;C:\Users\jjaganathan\.m2\repository\com\google\code\gson\gson\2.8.6\gson-2.8.6.jar;C:\Users\jjaganathan\.m2\repository\org\bouncycastle\bcpkix-jdk15on\1.63\bcpkix-jdk15on-1.63.jar;C:\Users\jjaganathan\.m2\repository\org\bouncycastle\bcprov-jdk15on\1.63\bcprov-jdk15on-1.63.jar;C:\Users\jjaganathan\.m2\repository\commons-logging\commons-logging\1.2\commons-logging-1.2.jar;C:\Users\jjaganathan\.m2\repository\commons-cli\commons-cli\1.4\commons-cli-1.4.jar;C:\Users\jjaganathan\.m2\repository\org\apache\commons\commons-compress\1.19\commons-compress-1.19.jar;C:\Users\jjaganathan\.m2\repository\commons-io\commons-io\2.6\commons-io-2.6.jar;C:\Users\jjaganathan\.m2\repository\log4j\log4j\1.2.17\log4j-1.2.17.jar;C:\Users\jjaganathan\.m2\repository\log4j\apache-log4j-extras\1.2.17\apache-log4j-extras-1.2.17.jar;C:\Users\jjaganathan\.m2\repository\org\apache\httpcomponents\httpclient\4.5.12\httpclient-4.5.12.jar;C:\Users\jjaganathan\.m2\repository\org\apache\httpcomponents\httpcore\4.4.13\httpcore-4.4.13.jar;C:\Users\jjaganathan\.m2\repository\commons-codec\commons-codec\1.14\commons-codec-1.14.jar;C:\Users\jjaganathan\.m2\repository\org\glassfish\javax.json\1.1.4\javax.json-1.1.4.jar;C:\Users\jjaganathan\.m2\repository\org\yaml\snakeyaml\1.26\snakeyaml-1.26.jar;C:\Users\jjaganathan\.m2\repository\org\miracl\milagro\amcl\milagro-crypto-java\0.4.0\milagro-crypto-java-0.4.0.jar;C:\Users\jjaganathan\.m2\repository\org\apache\commons\commons-math3\3.6.1\commons-math3-3.6.1.jar;C:\Users\jjaganathan\.m2\repository\javax\xml\bind\jaxb-api\2.3.1\jaxb-api-2.3.1.jar;C:\Users\jjaganathan\.m2\repository\javax\activation\javax.activation-api\1.2.0\javax.activation-api-1.2.0.jar;C:\Users\jjaganathan\.m2\repository\javax\annotation\javax.annotation-api\1.3.2\javax.annotation-api-1.3.2.jar;C:\Users\jjaganathan\.m2\repository\org\springframework\boot\spring-boot-starter-web\2.3.0.RELEASE\spring-boot-starter-web-2.3.0.RELEASE.jar;C:\Users\jjaganathan\.m2\repository\org\springframework\boot\spring-boot-starter\2.3.0.RELEASE\spring-boot-starter-2.3.0.RELEASE.jar;C:\Users\jjaganathan\.m2\repository\org\springframework\boot\spring-boot-starter-logging\2.3.0.RELEASE\spring-boot-starter-logging-2.3.0.RELEASE.jar;C:\Users\jjaganathan\.m2\repository\ch\qos\logback\logback-classic\1.2.3\logback-classic-1.2.3.jar;C:\Users\jjaganathan\.m2\repository\ch\qos\logback\logback-core\1.2.3\logback-core-1.2.3.jar;C:\Users\jjaganathan\.m2\repository\org\apache\logging\log4j\log4j-to-slf4j\2.13.2\log4j-to-slf4j-2.13.2.jar;C:\Users\jjaganathan\.m2\repository\org\apache\logging\log4j\log4j-api\2.13.2\log4j-api-2.13.2.jar;C:\Users\jjaganathan\.m2\repository\org\slf4j\jul-to-slf4j\1.7.30\jul-to-slf4j-1.7.30.jar;C:\Users\jjaganathan\.m2\repository\jakarta\annotation\jakarta.annotation-api\1.3.5\jakarta.annotation-api-1.3.5.jar;C:\Users\jjaganathan\.m2\repository\org\springframework\boot\spring-boot-starter-json\2.3.0.RELEASE\spring-boot-starter-json-2.3.0.RELEASE.jar;C:\Users\jjaganathan\.m2\repository\com\fasterxml\jackson\core\jackson-databind\2.11.0\jackson-databind-2.11.0.jar;C:\Users\jjaganathan\.m2\repository\com\fasterxml\jackson\core\jackson-annotations\2.11.0\jackson-annotations-2.11.0.jar;C:\Users\jjaganathan\.m2\repository\com\fasterxml\jackson\core\jackson-core\2.11.0\jackson-core-2.11.0.jar;C:\Users\jjaganathan\.m2\repository\com\fasterxml\jackson\datatype\jackson-datatype-jdk8\2.11.0\jackson-datatype-jdk8-2.11.0.jar;C:\Users\jjaganathan\.m2\repository\com\fasterxml\jackson\datatype\jackson-datatype-jsr310\2.11.0\jackson-datatype-jsr310-2.11.0.jar;C:\Users\jjaganathan\.m2\repository\com\fasterxml\jackson\module\jackson-module-parameter-names\2.11.0\jackson-module-parameter-names-2.11.0.jar;C:\Users\jjaganathan\.m2\repository\org\springframework\boot\spring-boot-starter-tomcat\2.3.0.RELEASE\spring-boot-starter-tomcat-2.3.0.RELEASE.jar;C:\Users\jjaganathan\.m2\repository\org\apache\tomcat\embed\tomcat-embed-core\9.0.35\tomcat-embed-core-9.0.35.jar;C:\Users\jjaganathan\.m2\repository\org\glassfish\jakarta.el\3.0.3\jakarta.el-3.0.3.jar;C:\Users\jjaganathan\.m2\repository\org\apache\tomcat\embed\tomcat-embed-websocket\9.0.35\tomcat-embed-websocket-9.0.35.jar;C:\Users\jjaganathan\.m2\repository\org\springframework\spring-web\5.2.6.RELEASE\spring-web-5.2.6.RELEASE.jar;C:\Users\jjaganathan\.m2\repository\org\springframework\spring-beans\5.2.6.RELEASE\spring-beans-5.2.6.RELEASE.jar;C:\Users\jjaganathan\.m2\repository\org\springframework\spring-webmvc\5.2.6.RELEASE\spring-webmvc-5.2.6.RELEASE.jar;C:\Users\jjaganathan\.m2\repository\org\springframework\spring-aop\5.2.6.RELEASE\spring-aop-5.2.6.RELEASE.jar;C:\Users\jjaganathan\.m2\repository\org\springframework\spring-context\5.2.6.RELEASE\spring-context-5.2.6.RELEASE.jar;C:\Users\jjaganathan\.m2\repository\org\springframework\spring-expression\5.2.6.RELEASE\spring-expression-5.2.6.RELEASE.jar;C:\Users\jjaganathan\.m2\repository\org\springframework\boot\spring-boot-devtools\2.3.0.RELEASE\spring-boot-devtools-2.3.0.RELEASE.jar;C:\Users\jjaganathan\.m2\repository\org\springframework\boot\spring-boot\2.3.0.RELEASE\spring-boot-2.3.0.RELEASE.jar;C:\Users\jjaganathan\.m2\repository\org\springframework\boot\spring-boot-autoconfigure\2.3.0.RELEASE\spring-boot-autoconfigure-2.3.0.RELEASE.jar;C:\Users\jjaganathan\.m2\repository\org\springframework\boot\spring-boot-starter-test\2.3.0.RELEASE\spring-boot-starter-test-2.3.0.RELEASE.jar;C:\Users\jjaganathan\.m2\repository\org\springframework\boot\spring-boot-test\2.3.0.RELEASE\spring-boot-test-2.3.0.RELEASE.jar;C:\Users\jjaganathan\.m2\repository\org\springframework\boot\spring-boot-test-autoconfigure\2.3.0.RELEASE\spring-boot-test-autoconfigure-2.3.0.RELEASE.jar;C:\Users\jjaganathan\.m2\repository\com\jayway\jsonpath\json-path\2.4.0\json-path-2.4.0.jar;C:\Users\jjaganathan\.m2\repository\net\minidev\json-smart\2.3\json-smart-2.3.jar;C:\Users\jjaganathan\.m2\repository\net\minidev\accessors-smart\1.2\accessors-smart-1.2.jar;C:\Users\jjaganathan\.m2\repository\org\ow2\asm\asm\5.0.4\asm-5.0.4.jar;C:\Users\jjaganathan\.m2\repository\org\slf4j\slf4j-api\1.7.30\slf4j-api-1.7.30.jar;C:\Users\jjaganathan\.m2\repository\jakarta\xml\bind\jakarta.xml.bind-api\2.3.3\jakarta.xml.bind-api-2.3.3.jar;C:\Users\jjaganathan\.m2\repository\jakarta\activation\jakarta.activation-api\1.2.2\jakarta.activation-api-1.2.2.jar;C:\Users\jjaganathan\.m2\repository\org\assertj\assertj-core\3.16.1\assertj-core-3.16.1.jar;C:\Users\jjaganathan\.m2\repository\org\hamcrest\hamcrest\2.2\hamcrest-2.2.jar;C:\Users\jjaganathan\.m2\repository\org\junit\jupiter\junit-jupiter\5.6.2\junit-jupiter-5.6.2.jar;C:\Users\jjaganathan\.m2\repository\org\junit\jupiter\junit-jupiter-api\5.6.2\junit-jupiter-api-5.6.2.jar;C:\Users\jjaganathan\.m2\repository\org\apiguardian\apiguardian-api\1.1.0\apiguardian-api-1.1.0.jar;C:\Users\jjaganathan\.m2\repository\org\opentest4j\opentest4j\1.2.0\opentest4j-1.2.0.jar;C:\Users\jjaganathan\.m2\repository\org\junit\platform\junit-platform-commons\1.6.2\junit-platform-commons-1.6.2.jar;C:\Users\jjaganathan\.m2\repository\org\junit\jupiter\junit-jupiter-params\5.6.2\junit-jupiter-params-5.6.2.jar;C:\Users\jjaganathan\.m2\repository\org\junit\jupiter\junit-jupiter-engine\5.6.2\junit-jupiter-engine-5.6.2.jar;C:\Users\jjaganathan\.m2\repository\org\junit\platform\junit-platform-engine\1.6.2\junit-platform-engine-1.6.2.jar;C:\Users\jjaganathan\.m2\repository\org\mockito\mockito-core\3.3.3\mockito-core-3.3.3.jar;C:\Users\jjaganathan\.m2\repository\net\bytebuddy\byte-buddy\1.10.10\byte-buddy-1.10.10.jar;C:\Users\jjaganathan\.m2\repository\net\bytebuddy\byte-buddy-agent\1.10.10\byte-buddy-agent-1.10.10.jar;C:\Users\jjaganathan\.m2\repository\org\objenesis\objenesis\2.6\objenesis-2.6.jar;C:\Users\jjaganathan\.m2\repository\org\mockito\mockito-junit-jupiter\3.3.3\mockito-junit-jupiter-3.3.3.jar;C:\Users\jjaganathan\.m2\repository\org\skyscreamer\jsonassert\1.5.0\jsonassert-1.5.0.jar;C:\Users\jjaganathan\.m2\repository\com\vaadin\external\google\android-json\0.0.20131108.vaadin1\android-json-0.0.20131108.vaadin1.jar;C:\Users\jjaganathan\.m2\repository\org\springframework\spring-core\5.2.6.RELEASE\spring-core-5.2.6.RELEASE.jar;C:\Users\jjaganathan\.m2\repository\org\springframework\spring-jcl\5.2.6.RELEASE\spring-jcl-5.2.6.RELEASE.jar;C:\Users\jjaganathan\.m2\repository\org\springframework\spring-test\5.2.6.RELEASE\spring-test-5.2.6.RELEASE.jar;C:\Users\jjaganathan\.m2\repository\org\xmlunit\xmlunit-core\2.7.0\xmlunit-core-2.7.0.jar;"/>
    <property name="java.vm.vendor" value="Oracle Corporation"/>
    <property name="sun.arch.data.model" value="64"/>
    <property name="user.variant" value=""/>
    <property name="java.vendor.url" value="http://java.oracle.com/"/>
    <property name="user.timezone" value="America/New_York"/>
    <property name="java.vm.specification.version" value="1.8"/>
    <property name="os.name" value="Windows 10"/>
    <property name="user.country" value="US"/>
    <property name="sun.java.launcher" value="SUN_STANDARD"/>
    <property name="sun.boot.library.path" value="C:\tools\Java\jdk1.8.0_231\jre\bin"/>
    <property name="sun.java.command" value="C:\Users\JJAGAN~1\AppData\Local\Temp\surefire4075636766143144628\surefirebooter7162042386497164694.jar C:\Users\jjaganathan\AppData\Local\Temp\surefire4075636766143144628 2020-05-26T11-08-15_283-jvmRun1 surefire2781227300427772033tmp surefire_02700515315227757437tmp"/>
    <property name="surefire.test.class.path" value="C:\dev\IdeaProjects\demo\target\test-classes;C:\dev\IdeaProjects\demo\target\classes;C:\Users\jjaganathan\.m2\repository\org\hyperledger\fabric\fabric-gateway-java\1.4.1\fabric-gateway-java-1.4.1.jar;C:\Users\jjaganathan\.m2\repository\org\hyperledger\fabric-sdk-java\fabric-sdk-java\1.4.6\fabric-sdk-java-1.4.6.jar;C:\Users\jjaganathan\.m2\repository\io\grpc\grpc-netty\1.23.0\grpc-netty-1.23.0.jar;C:\Users\jjaganathan\.m2\repository\io\grpc\grpc-core\1.23.0\grpc-core-1.23.0.jar;C:\Users\jjaganathan\.m2\repository\com\google\android\annotations\4.1.1.4\annotations-4.1.1.4.jar;C:\Users\jjaganathan\.m2\repository\io\perfmark\perfmark-api\0.17.0\perfmark-api-0.17.0.jar;C:\Users\jjaganathan\.m2\repository\io\opencensus\opencensus-api\0.21.0\opencensus-api-0.21.0.jar;C:\Users\jjaganathan\.m2\repository\io\opencensus\opencensus-contrib-grpc-metrics\0.21.0\opencensus-contrib-grpc-metrics-0.21.0.jar;C:\Users\jjaganathan\.m2\repository\io\netty\netty-handler-proxy\4.1.49.Final\netty-handler-proxy-4.1.49.Final.jar;C:\Users\jjaganathan\.m2\repository\io\netty\netty-codec-socks\4.1.49.Final\netty-codec-socks-4.1.49.Final.jar;C:\Users\jjaganathan\.m2\repository\io\grpc\grpc-protobuf\1.23.0\grpc-protobuf-1.23.0.jar;C:\Users\jjaganathan\.m2\repository\io\grpc\grpc-api\1.23.0\grpc-api-1.23.0.jar;C:\Users\jjaganathan\.m2\repository\io\grpc\grpc-context\1.23.0\grpc-context-1.23.0.jar;C:\Users\jjaganathan\.m2\repository\com\google\code\findbugs\jsr305\3.0.2\jsr305-3.0.2.jar;C:\Users\jjaganathan\.m2\repository\org\codehaus\mojo\animal-sniffer-annotations\1.17\animal-sniffer-annotations-1.17.jar;C:\Users\jjaganathan\.m2\repository\com\google\guava\guava\26.0-android\guava-26.0-android.jar;C:\Users\jjaganathan\.m2\repository\org\checkerframework\checker-compat-qual\2.5.2\checker-compat-qual-2.5.2.jar;C:\Users\jjaganathan\.m2\repository\com\google\j2objc\j2objc-annotations\1.1\j2objc-annotations-1.1.jar;C:\Users\jjaganathan\.m2\repository\com\google\api\grpc\proto-google-common-protos\1.12.0\proto-google-common-protos-1.12.0.jar;C:\Users\jjaganathan\.m2\repository\io\grpc\grpc-protobuf-lite\1.23.0\grpc-protobuf-lite-1.23.0.jar;C:\Users\jjaganathan\.m2\repository\io\grpc\grpc-stub\1.23.0\grpc-stub-1.23.0.jar;C:\Users\jjaganathan\.m2\repository\io\netty\netty-tcnative-boringssl-static\2.0.30.Final\netty-tcnative-boringssl-static-2.0.30.Final.jar;C:\Users\jjaganathan\.m2\repository\io\netty\netty-codec-http2\4.1.49.Final\netty-codec-http2-4.1.49.Final.jar;C:\Users\jjaganathan\.m2\repository\io\netty\netty-common\4.1.49.Final\netty-common-4.1.49.Final.jar;C:\Users\jjaganathan\.m2\repository\io\netty\netty-buffer\4.1.49.Final\netty-buffer-4.1.49.Final.jar;C:\Users\jjaganathan\.m2\repository\io\netty\netty-transport\4.1.49.Final\netty-transport-4.1.49.Final.jar;C:\Users\jjaganathan\.m2\repository\io\netty\netty-resolver\4.1.49.Final\netty-resolver-4.1.49.Final.jar;C:\Users\jjaganathan\.m2\repository\io\netty\netty-codec\4.1.49.Final\netty-codec-4.1.49.Final.jar;C:\Users\jjaganathan\.m2\repository\io\netty\netty-handler\4.1.49.Final\netty-handler-4.1.49.Final.jar;C:\Users\jjaganathan\.m2\repository\io\netty\netty-codec-http\4.1.49.Final\netty-codec-http-4.1.49.Final.jar;C:\Users\jjaganathan\.m2\repository\com\google\protobuf\protobuf-java\3.10.0\protobuf-java-3.10.0.jar;C:\Users\jjaganathan\.m2\repository\com\google\protobuf\protobuf-java-util\3.10.0\protobuf-java-util-3.10.0.jar;C:\Users\jjaganathan\.m2\repository\com\google\errorprone\error_prone_annotations\2.3.2\error_prone_annotations-2.3.2.jar;C:\Users\jjaganathan\.m2\repository\com\google\code\gson\gson\2.8.6\gson-2.8.6.jar;C:\Users\jjaganathan\.m2\repository\org\bouncycastle\bcpkix-jdk15on\1.63\bcpkix-jdk15on-1.63.jar;C:\Users\jjaganathan\.m2\repository\org\bouncycastle\bcprov-jdk15on\1.63\bcprov-jdk15on-1.63.jar;C:\Users\jjaganathan\.m2\repository\commons-logging\commons-logging\1.2\commons-logging-1.2.jar;C:\Users\jjaganathan\.m2\repository\commons-cli\commons-cli\1.4\commons-cli-1.4.jar;C:\Users\jjaganathan\.m2\repository\org\apache\commons\commons-compress\1.19\commons-compress-1.19.jar;C:\Users\jjaganathan\.m2\repository\commons-io\commons-io\2.6\commons-io-2.6.jar;C:\Users\jjaganathan\.m2\repository\log4j\log4j\1.2.17\log4j-1.2.17.jar;C:\Users\jjaganathan\.m2\repository\log4j\apache-log4j-extras\1.2.17\apache-log4j-extras-1.2.17.jar;C:\Users\jjaganathan\.m2\repository\org\apache\httpcomponents\httpclient\4.5.12\httpclient-4.5.12.jar;C:\Users\jjaganathan\.m2\repository\org\apache\httpcomponents\httpcore\4.4.13\httpcore-4.4.13.jar;C:\Users\jjaganathan\.m2\repository\commons-codec\commons-codec\1.14\commons-codec-1.14.jar;C:\Users\jjaganathan\.m2\repository\org\glassfish\javax.json\1.1.4\javax.json-1.1.4.jar;C:\Users\jjaganathan\.m2\repository\org\yaml\snakeyaml\1.26\snakeyaml-1.26.jar;C:\Users\jjaganathan\.m2\repository\org\miracl\milagro\amcl\milagro-crypto-java\0.4.0\milagro-crypto-java-0.4.0.jar;C:\Users\jjaganathan\.m2\repository\org\apache\commons\commons-math3\3.6.1\commons-math3-3.6.1.jar;C:\Users\jjaganathan\.m2\repository\javax\xml\bind\jaxb-api\2.3.1\jaxb-api-2.3.1.jar;C:\Users\jjaganathan\.m2\repository\javax\activation\javax.activation-api\1.2.0\javax.activation-api-1.2.0.jar;C:\Users\jjaganathan\.m2\repository\javax\annotation\javax.annotation-api\1.3.2\javax.annotation-api-1.3.2.jar;C:\Users\jjaganathan\.m2\repository\org\springframework\boot\spring-boot-starter-web\2.3.0.RELEASE\spring-boot-starter-web-2.3.0.RELEASE.jar;C:\Users\jjaganathan\.m2\repository\org\springframework\boot\spring-boot-starter\2.3.0.RELEASE\spring-boot-starter-2.3.0.RELEASE.jar;C:\Users\jjaganathan\.m2\repository\org\springframework\boot\spring-boot-starter-logging\2.3.0.RELEASE\spring-boot-starter-logging-2.3.0.RELEASE.jar;C:\Users\jjaganathan\.m2\repository\ch\qos\logback\logback-classic\1.2.3\logback-classic-1.2.3.jar;C:\Users\jjaganathan\.m2\repository\ch\qos\logback\logback-core\1.2.3\logback-core-1.2.3.jar;C:\Users\jjaganathan\.m2\repository\org\apache\logging\log4j\log4j-to-slf4j\2.13.2\log4j-to-slf4j-2.13.2.jar;C:\Users\jjaganathan\.m2\repository\org\apache\logging\log4j\log4j-api\2.13.2\log4j-api-2.13.2.jar;C:\Users\jjaganathan\.m2\repository\org\slf4j\jul-to-slf4j\1.7.30\jul-to-slf4j-1.7.30.jar;C:\Users\jjaganathan\.m2\repository\jakarta\annotation\jakarta.annotation-api\1.3.5\jakarta.annotation-api-1.3.5.jar;C:\Users\jjaganathan\.m2\repository\org\springframework\boot\spring-boot-starter-json\2.3.0.RELEASE\spring-boot-starter-json-2.3.0.RELEASE.jar;C:\Users\jjaganathan\.m2\repository\com\fasterxml\jackson\core\jackson-databind\2.11.0\jackson-databind-2.11.0.jar;C:\Users\jjaganathan\.m2\repository\com\fasterxml\jackson\core\jackson-annotations\2.11.0\jackson-annotations-2.11.0.jar;C:\Users\jjaganathan\.m2\repository\com\fasterxml\jackson\core\jackson-core\2.11.0\jackson-core-2.11.0.jar;C:\Users\jjaganathan\.m2\repository\com\fasterxml\jackson\datatype\jackson-datatype-jdk8\2.11.0\jackson-datatype-jdk8-2.11.0.jar;C:\Users\jjaganathan\.m2\repository\com\fasterxml\jackson\datatype\jackson-datatype-jsr310\2.11.0\jackson-datatype-jsr310-2.11.0.jar;C:\Users\jjaganathan\.m2\repository\com\fasterxml\jackson\module\jackson-module-parameter-names\2.11.0\jackson-module-parameter-names-2.11.0.jar;C:\Users\jjaganathan\.m2\repository\org\springframework\boot\spring-boot-starter-tomcat\2.3.0.RELEASE\spring-boot-starter-tomcat-2.3.0.RELEASE.jar;C:\Users\jjaganathan\.m2\repository\org\apache\tomcat\embed\tomcat-embed-core\9.0.35\tomcat-embed-core-9.0.35.jar;C:\Users\jjaganathan\.m2\repository\org\glassfish\jakarta.el\3.0.3\jakarta.el-3.0.3.jar;C:\Users\jjaganathan\.m2\repository\org\apache\tomcat\embed\tomcat-embed-websocket\9.0.35\tomcat-embed-websocket-9.0.35.jar;C:\Users\jjaganathan\.m2\repository\org\springframework\spring-web\5.2.6.RELEASE\spring-web-5.2.6.RELEASE.jar;C:\Users\jjaganathan\.m2\repository\org\springframework\spring-beans\5.2.6.RELEASE\spring-beans-5.2.6.RELEASE.jar;C:\Users\jjaganathan\.m2\repository\org\springframework\spring-webmvc\5.2.6.RELEASE\spring-webmvc-5.2.6.RELEASE.jar;C:\Users\jjaganathan\.m2\repository\org\springframework\spring-aop\5.2.6.RELEASE\spring-aop-5.2.6.RELEASE.jar;C:\Users\jjaganathan\.m2\repository\org\springframework\spring-context\5.2.6.RELEASE\spring-context-5.2.6.RELEASE.jar;C:\Users\jjaganathan\.m2\repository\org\springframework\spring-expression\5.2.6.RELEASE\spring-expression-5.2.6.RELEASE.jar;C:\Users\jjaganathan\.m2\repository\org\springframework\boot\spring-boot-devtools\2.3.0.RELEASE\spring-boot-devtools-2.3.0.RELEASE.jar;C:\Users\jjaganathan\.m2\repository\org\springframework\boot\spring-boot\2.3.0.RELEASE\spring-boot-2.3.0.RELEASE.jar;C:\Users\jjaganathan\.m2\repository\org\springframework\boot\spring-boot-autoconfigure\2.3.0.RELEASE\spring-boot-autoconfigure-2.3.0.RELEASE.jar;C:\Users\jjaganathan\.m2\repository\org\springframework\boot\spring-boot-starter-test\2.3.0.RELEASE\spring-boot-starter-test-2.3.0.RELEASE.jar;C:\Users\jjaganathan\.m2\repository\org\springframework\boot\spring-boot-test\2.3.0.RELEASE\spring-boot-test-2.3.0.RELEASE.jar;C:\Users\jjaganathan\.m2\repository\org\springframework\boot\spring-boot-test-autoconfigure\2.3.0.RELEASE\spring-boot-test-autoconfigure-2.3.0.RELEASE.jar;C:\Users\jjaganathan\.m2\repository\com\jayway\jsonpath\json-path\2.4.0\json-path-2.4.0.jar;C:\Users\jjaganathan\.m2\repository\net\minidev\json-smart\2.3\json-smart-2.3.jar;C:\Users\jjaganathan\.m2\repository\net\minidev\accessors-smart\1.2\accessors-smart-1.2.jar;C:\Users\jjaganathan\.m2\repository\org\ow2\asm\asm\5.0.4\asm-5.0.4.jar;C:\Users\jjaganathan\.m2\repository\org\slf4j\slf4j-api\1.7.30\slf4j-api-1.7.30.jar;C:\Users\jjaganathan\.m2\repository\jakarta\xml\bind\jakarta.xml.bind-api\2.3.3\jakarta.xml.bind-api-2.3.3.jar;C:\Users\jjaganathan\.m2\repository\jakarta\activation\jakarta.activation-api\1.2.2\jakarta.activation-api-1.2.2.jar;C:\Users\jjaganathan\.m2\repository\org\assertj\assertj-core\3.16.1\assertj-core-3.16.1.jar;C:\Users\jjaganathan\.m2\repository\org\hamcrest\hamcrest\2.2\hamcrest-2.2.jar;C:\Users\jjaganathan\.m2\repository\org\junit\jupiter\junit-jupiter\5.6.2\junit-jupiter-5.6.2.jar;C:\Users\jjaganathan\.m2\repository\org\junit\jupiter\junit-jupiter-api\5.6.2\junit-jupiter-api-5.6.2.jar;C:\Users\jjaganathan\.m2\repository\org\apiguardian\apiguardian-api\1.1.0\apiguardian-api-1.1.0.jar;C:\Users\jjaganathan\.m2\repository\org\opentest4j\opentest4j\1.2.0\opentest4j-1.2.0.jar;C:\Users\jjaganathan\.m2\repository\org\junit\platform\junit-platform-commons\1.6.2\junit-platform-commons-1.6.2.jar;C:\Users\jjaganathan\.m2\repository\org\junit\jupiter\junit-jupiter-params\5.6.2\junit-jupiter-params-5.6.2.jar;C:\Users\jjaganathan\.m2\repository\org\junit\jupiter\junit-jupiter-engine\5.6.2\junit-jupiter-engine-5.6.2.jar;C:\Users\jjaganathan\.m2\repository\org\junit\platform\junit-platform-engine\1.6.2\junit-platform-engine-1.6.2.jar;C:\Users\jjaganathan\.m2\repository\org\mockito\mockito-core\3.3.3\mockito-core-3.3.3.jar;C:\Users\jjaganathan\.m2\repository\net\bytebuddy\byte-buddy\1.10.10\byte-buddy-1.10.10.jar;C:\Users\jjaganathan\.m2\repository\net\bytebuddy\byte-buddy-agent\1.10.10\byte-buddy-agent-1.10.10.jar;C:\Users\jjaganathan\.m2\repository\org\objenesis\objenesis\2.6\objenesis-2.6.jar;C:\Users\jjaganathan\.m2\repository\org\mockito\mockito-junit-jupiter\3.3.3\mockito-junit-jupiter-3.3.3.jar;C:\Users\jjaganathan\.m2\repository\org\skyscreamer\jsonassert\1.5.0\jsonassert-1.5.0.jar;C:\Users\jjaganathan\.m2\repository\com\vaadin\external\google\android-json\0.0.20131108.vaadin1\android-json-0.0.20131108.vaadin1.jar;C:\Users\jjaganathan\.m2\repository\org\springframework\spring-core\5.2.6.RELEASE\spring-core-5.2.6.RELEASE.jar;C:\Users\jjaganathan\.m2\repository\org\springframework\spring-jcl\5.2.6.RELEASE\spring-jcl-5.2.6.RELEASE.jar;C:\Users\jjaganathan\.m2\repository\org\springframework\spring-test\5.2.6.RELEASE\spring-test-5.2.6.RELEASE.jar;C:\Users\jjaganathan\.m2\repository\org\xmlunit\xmlunit-core\2.7.0\xmlunit-core-2.7.0.jar;"/>
    <property name="sun.cpu.endian" value="little"/>
    <property name="user.home" value="C:\Users\jjaganathan"/>
    <property name="user.language" value="en"/>
    <property name="java.specification.vendor" value="Oracle Corporation"/>
    <property name="java.home" value="C:\tools\Java\jdk1.8.0_231\jre"/>
    <property name="basedir" value="C:\dev\IdeaProjects\demo"/>
    <property name="file.separator" value="\"/>
    <property name="line.separator" value="&#10;"/>
    <property name="java.vm.specification.vendor" value="Oracle Corporation"/>
    <property name="java.specification.name" value="Java Platform API Specification"/>
    <property name="java.awt.graphicsenv" value="sun.awt.Win32GraphicsEnvironment"/>
    <property name="surefire.real.class.path" value="C:\Users\JJAGAN~1\AppData\Local\Temp\surefire4075636766143144628\surefirebooter7162042386497164694.jar"/>
    <property name="sun.boot.class.path" value="C:\tools\Java\jdk1.8.0_231\jre\lib\resources.jar;C:\tools\Java\jdk1.8.0_231\jre\lib\rt.jar;C:\tools\Java\jdk1.8.0_231\jre\lib\sunrsasign.jar;C:\tools\Java\jdk1.8.0_231\jre\lib\jsse.jar;C:\tools\Java\jdk1.8.0_231\jre\lib\jce.jar;C:\tools\Java\jdk1.8.0_231\jre\lib\charsets.jar;C:\tools\Java\jdk1.8.0_231\jre\lib\jfr.jar;C:\tools\Java\jdk1.8.0_231\jre\classes"/>
    <property name="user.script" value=""/>
    <property name="sun.management.compiler" value="HotSpot 64-Bit Tiered Compilers"/>
    <property name="java.runtime.version" value="1.8.0_251-b08"/>
    <property name="user.name" value="jjaganathan"/>
    <property name="path.separator" value=";"/>
    <property name="os.version" value="10.0"/>
    <property name="java.endorsed.dirs" value="C:\tools\Java\jdk1.8.0_231\jre\lib\endorsed"/>
    <property name="java.runtime.name" value="Java(TM) SE Runtime Environment"/>
    <property name="file.encoding" value="Cp1252"/>
    <property name="java.vm.name" value="Java HotSpot(TM) 64-Bit Server VM"/>
    <property name="localRepository" value="C:\Users\jjaganathan\.m2\repository"/>
    <property name="java.vendor.url.bug" value="http://bugreport.sun.com/bugreport/"/>
    <property name="java.io.tmpdir" value="C:\Users\JJAGAN~1\AppData\Local\Temp\"/>
    <property name="java.version" value="1.8.0_251"/>
    <property name="user.dir" value="C:\dev\IdeaProjects\demo"/>
    <property name="os.arch" value="amd64"/>
    <property name="java.vm.specification.name" value="Java Virtual Machine Specification"/>
    <property name="java.awt.printerjob" value="sun.awt.windows.WPrinterJob"/>
    <property name="sun.os.patch.level" value=""/>
    <property name="idea.version2019.3.3" value="true"/>
    <property name="java.library.path" value="C:\tools\Java\jdk1.8.0_231\jre\bin;C:\WINDOWS\Sun\Java\bin;C:\WINDOWS\system32;C:\WINDOWS;C:\WINDOWS\system32;C:\WINDOWS;C:\WINDOWS\System32\Wbem;C:\Python38\Scripts\;C:\Python38\;C:\Tools\Python\Python39\Scripts\;C:\Tools\Python\Python39\;C:\Program Files (x86)\Intel\Intel(R) Management Engine Components\iCLS\;C:\Program Files\Intel\Intel(R) Management Engine Components\iCLS\;C:\WINDOWS\system32;C:\WINDOWS;C:\WINDOWS\System32\Wbem;C:\WINDOWS\System32\WindowsPowerShell\v1.0\;C:\WINDOWS\System32\OpenSSH\;C:\Program Files (x86)\Intel\Intel(R) Management Engine Components\DAL;C:\Program Files\Intel\Intel(R) Management Engine Components\DAL;C:\Program Files (x86)\Intel\Intel(R) Management Engine Components\IPT;C:\Program Files\Intel\Intel(R) Management Engine Components\IPT;C:\Users\jjaganathan\AppData\Local\Microsoft\WindowsApps;C:\Program Files\Microsoft SQL Server\130\Tools\Binn\;C:\Program Files\Microsoft SQL Server\Client SDK\ODBC\170\Tools\Binn\;C:\ProgramData\chocolatey\bin;C:\Tools\PuTTY\;C:\tools\nvm;C:\tools\nodejs;C:\Go\bin;C:\Program Files\dotnet\;;C:\tools\nodejs\;C:\Program Files\Docker\Docker\resources\bin;C:\ProgramData\DockerDesktop\version-bin;C:\Program Files\MySQL\MySQL Shell 8.0\bin\;C:\Users\jjaganathan\AppData\Local\Microsoft\WindowsApps;C:\Tools\Microsoft VS Code\bin;C:\Tools\Salesforce CLI\bin;C:\tools\Git\cmd;C:\Tools\JetBrains\IntelliJ IDEA 2019.2.4\bin;;C:\tools\nvm;C:\tools\nodejs;C:\Tools\JetBrains\GoLand 2019.3.1\bin;;C:\Users\jjaganathan\go\bin;C:\Users\jjaganathan\AppData\Roaming\npm;C:\Toolsl\Google\Cloud SDK\google-cloud-sdk\bin;."/>
    <property name="java.vm.info" value="mixed mode"/>
    <property name="java.vendor" value="Oracle Corporation"/>
    <property name="java.vm.version" value="25.251-b08"/>
    <property name="java.ext.dirs" value="C:\tools\Java\jdk1.8.0_231\jre\lib\ext;C:\WINDOWS\Sun\Java\lib\ext"/>
    <property name="sun.io.unicode.encoding" value="UnicodeLittle"/>
    <property name="java.class.version" value="52.0"/>
  </properties>
  <testcase name="contextLoads" classname="learn.hl.demo.DemoApplicationTests" time="0.734"/>
</testsuite>